15:40:22.050 scenario called at line: 8 by tag: @FlujoExitoso
15:40:22.058 request:
1 > POST https://nodejs-qa-training.herokuapp.com/users/sessions
1 > Accept-Encoding: gzip,deflate
1 > Connection: Keep-Alive
1 > Content-Length: 62
1 > Content-Type: application/json; charset=UTF-8
1 > Host: nodejs-qa-training.herokuapp.com
1 > User-Agent: Apache-HttpClient/4.5.5 (Java/1.8.0_191)
{"email":"admin@wolox.com.ar","password":"candidatoWolox2020"}

15:40:22.582 response time in milliseconds: 524,21
1 < 200
1 < Authorization: eyJ0eXAiOiJKV1QiLCJhbGciOiJIUzI1NiJ9.eyJ1c2VySWQiOjE0Niwicm9sZSI6ImFkbWluIiwiaWF0IjoxNjAwMDI5NjIzLjc5NCwiZXhwIjoxNjAwMDMxNDIzLjc5NH0.k33ZsVn6I6dfPpfNWbF5LbpRNKN0PZU2_w0n-xhSo8o
1 < Connection: keep-alive
1 < Content-Length: 51
1 < Content-Type: application/json; charset=utf-8
1 < Date: Sun, 13 Sep 2020 20:40:23 GMT
1 < Etag: W/"33-VRMM34SozERPaXYgyz3Fp0FGYTQ"
1 < Server: Cowboy
1 < Via: 1.1 vegur
1 < X-Powered-By: Express
{"user_id":146,"token_expires_at":"1600031423.794"}

15:40:22.587 [print] {
  "user_id": 146,
  "token_expires_at": "1600031423.794"
}


